<?xml version="1.0" encoding="UTF-8"?>
<testsuite xmlns:xsi="http://www.w3.org/2001/XMLSchema-instance" xsi:noNamespaceSchemaLocation="https://maven.apache.org/surefire/maven-surefire-plugin/xsd/surefire-test-report-3.0.xsd" version="3.0" name="Library app login feature" time="0.719" tests="3" errors="0" skipped="0" failures="0">
  <properties>
[...]
</properties>
  <testcase name="Login as librarian" classname="Library app login feature" time="0.479">
    <system-out><![CDATA[Oct 13, 2022 12:39:04 PM net.masterthought.cucumber.ReportParser parseJsonFiles
INFO: File 'C:\Users\LENOVO\AppData\Local\Temp\cucumber14717928017242796344.json' contains 1 features

SLF4J: Failed to load class "org.slf4j.impl.StaticLoggerBinder".
SLF4J: Defaulting to no-operation (NOP) logger implementation
SLF4J: See http://www.slf4j.org/codes.html#StaticLoggerBinder for further details.
&amp#27;[32m&amp#27;[1m┌──────────────────────────────────────────────────────────────────────────┐&amp#27;[0m
&amp#27;[32m&amp#27;[1m│&amp#27;[0m View your Cucumber Report at:                                            &amp#27;[32m&amp#27;[1m│&amp#27;[0m
&amp#27;[32m&amp#27;[1m│&amp#27;[0m &amp#27;[1m&amp#27;[36m&amp#27;[4mhttps://reports.cucumber.io/reports/6af0593d-b933-4dec-9ef1-d849384fad30&amp#27;[0m &amp#27;[32m&amp#27;[1m│&amp#27;[0m
&amp#27;[32m&amp#27;[1m│&amp#27;[0m                                                                          &amp#27;[32m&amp#27;[1m│&amp#27;[0m
&amp#27;[32m&amp#27;[1m│&amp#27;[0m &amp#27;[1mThis report will self-destruct in 24h.&amp#27;[0m                                   &amp#27;[32m&amp#27;[1m│&amp#27;[0m
&amp#27;[32m&amp#27;[1m│&amp#27;[0m Keep reports forever: &amp#27;[4m&amp#27;[1m&amp#27;[36mhttps://reports.cucumber.io/profile&amp#27;[0m                &amp#27;[32m&amp#27;[1m│&amp#27;[0m
&amp#27;[32m&amp#27;[1m└──────────────────────────────────────────────────────────────────────────┘&amp#27;[0m

@Regression @smoke @login @librarian @employee
Scenario: Login as librarian              &amp#27;[90m# src/test/resources/features/login.feature:12&amp#27;[0m
user is on the library login page
  &amp#27;[32mGiven &amp#27;[0m&amp#27;[32muser is on the library login page&amp#27;[0m &amp#27;[90m# com.cydeo.step_definitions.Login_StepDefinitions.userIsOnTheLibraryLoginPage()&amp#27;[0m
User enters librarian username
  &amp#27;[32mWhen &amp#27;[0m&amp#27;[32muser enters librarian username&amp#27;[0m     &amp#27;[90m# com.cydeo.step_definitions.Login_StepDefinitions.user_enters_librarian_username()&amp#27;[0m
User enters librarian password
  &amp#27;[32mAnd &amp#27;[0m&amp#27;[32muser enters librarian password&amp#27;[0m      &amp#27;[90m# com.cydeo.step_definitions.Login_StepDefinitions.user_enters_librarian_password()&amp#27;[0m
User should see the dashboard
  &amp#27;[32mThen &amp#27;[0m&amp#27;[32muser should see the dashboard&amp#27;[0m      &amp#27;[90m# com.cydeo.step_definitions.Login_StepDefinitions.user_should_see_the_dashboard()&amp#27;[0m
]]></system-out>
  </testcase>
  <testcase name="Login as student" classname="Library app login feature" time="0.113">
    <system-out><![CDATA[
@Regression @smoke @login @student
Scenario: Login as student                &amp#27;[90m# src/test/resources/features/login.feature:19&amp#27;[0m
user is on the library login page
  &amp#27;[32mGiven &amp#27;[0m&amp#27;[32muser is on the library login page&amp#27;[0m &amp#27;[90m# com.cydeo.step_definitions.Login_StepDefinitions.userIsOnTheLibraryLoginPage()&amp#27;[0m
User enters student username
  &amp#27;[32mWhen &amp#27;[0m&amp#27;[32muser enters student username&amp#27;[0m       &amp#27;[90m# com.cydeo.step_definitions.Login_StepDefinitions.userEntersStudentUsername()&amp#27;[0m
User enters student password
  &amp#27;[32mAnd &amp#27;[0m&amp#27;[32muser enters student password&amp#27;[0m        &amp#27;[90m# com.cydeo.step_definitions.Login_StepDefinitions.userEntersStudentPassword()&amp#27;[0m
User should see the dashboard
  &amp#27;[32mThen &amp#27;[0m&amp#27;[32muser should see the dashboard&amp#27;[0m      &amp#27;[90m# com.cydeo.step_definitions.Login_StepDefinitions.user_should_see_the_dashboard()&amp#27;[0m
]]></system-out>
  </testcase>
  <testcase name="Login as admin" classname="Library app login feature" time="0.127">
    <system-out><![CDATA[
@Regression @smoke @login @admin @employee
Scenario: Login as admin                  &amp#27;[90m# src/test/resources/features/login.feature:26&amp#27;[0m
user is on the library login page
  &amp#27;[32mGiven &amp#27;[0m&amp#27;[32muser is on the library login page&amp#27;[0m &amp#27;[90m# com.cydeo.step_definitions.Login_StepDefinitions.userIsOnTheLibraryLoginPage()&amp#27;[0m
User enters admin username
  &amp#27;[32mWhen &amp#27;[0m&amp#27;[32muser enters admin username&amp#27;[0m         &amp#27;[90m# com.cydeo.step_definitions.Login_StepDefinitions.userEntersAdminUsername()&amp#27;[0m
User enters admin password
  &amp#27;[32mAnd &amp#27;[0m&amp#27;[32muser enters admin password&amp#27;[0m          &amp#27;[90m# com.cydeo.step_definitions.Login_StepDefinitions.userEntersAdminPassword()&amp#27;[0m
User should see the dashboard
  &amp#27;[32mThen &amp#27;[0m&amp#27;[32muser should see the dashboard&amp#27;[0m      &amp#27;[90m# com.cydeo.step_definitions.Login_StepDefinitions.user_should_see_the_dashboard()&amp#27;[0m
]]></system-out>
  </testcase>
</testsuite>